SF:lib/modulo_0/vigenere/vigenere.dart
DA:9,2
DA:11,1
DA:12,1
DA:13,11
DA:16,1
DA:17,1
DA:18,1
DA:21,5
DA:22,1
DA:25,2
DA:26,2
DA:28,5
DA:29,4
DA:30,6
DA:32,1
DA:37,1
DA:38,1
DA:39,1
DA:41,5
DA:42,1
DA:44,2
DA:45,2
DA:47,5
DA:48,4
DA:49,7
DA:51,1
LF:26
LH:26
end_of_record
SF:lib/modulo_0/imc/imc.dart
DA:17,1
DA:18,2
DA:19,1
DA:22,2
DA:23,1
DA:27,1
DA:28,5
DA:29,2
DA:32,1
DA:33,1
DA:37,1
DA:41,1
DA:45,1
DA:52,1
DA:54,1
DA:55,1
DA:56,1
DA:57,1
DA:58,1
DA:63,1
DA:65,3
DA:66,3
DA:67,3
DA:68,3
DA:69,1
DA:70,1
DA:71,2
LF:27
LH:27
end_of_record
SF:lib/modulo_0/regra3/regra3.dart
DA:7,1
DA:9,1
DA:10,4
DA:11,1
DA:15,1
DA:19,1
DA:20,1
DA:24,1
DA:25,1
DA:29,1
DA:30,1
DA:36,1
DA:38,1
DA:39,5
DA:41,1
DA:42,5
DA:44,1
DA:45,5
DA:47,1
DA:48,5
LF:20
LH:20
end_of_record
SF:lib/modulo_0/dot_env/dot_env.dart
DA:6,1
DA:8,1
DA:9,2
DA:12,3
DA:13,2
DA:14,4
DA:15,4
DA:16,4
DA:18,1
DA:19,1
DA:22,1
DA:23,1
DA:26,1
DA:27,1
DA:30,1
DA:37,3
LF:16
LH:16
end_of_record
SF:lib/modulo_0/cpf/cpf.dart
DA:4,1
DA:6,1
DA:7,3
DA:9,1
DA:10,2
DA:13,1
DA:14,3
DA:15,1
DA:17,3
DA:20,3
DA:27,1
DA:30,3
DA:31,3
DA:32,1
DA:34,1
DA:36,1
DA:39,1
LF:17
LH:17
end_of_record
SF:lib/modulo_0/mod10/mod10.dart
DA:4,1
DA:6,1
DA:7,3
DA:9,1
DA:11,5
DA:13,5
DA:19,1
DA:21,4
DA:22,3
DA:23,5
DA:26,1
DA:28,1
DA:31,1
LF:13
LH:13
end_of_record
SF:lib/modulo_0/lcov/lcov.dart
DA:7,1
DA:9,1
DA:10,2
DA:11,1
DA:16,1
DA:17,2
DA:18,1
DA:19,1
DA:25,1
DA:26,1
DA:28,1
DA:29,1
DA:30,1
DA:33,1
DA:37,1
DA:38,1
DA:41,1
DA:42,1
DA:45,1
DA:46,3
DA:47,1
DA:48,4
DA:54,1
DA:57,1
DA:61,2
DA:62,2
DA:63,2
DA:65,2
DA:66,1
DA:76,1
LF:30
LH:30
end_of_record
SF:lib/modulo_0/fibonacci/fibonacci.dart
DA:2,1
DA:3,1
DA:5,1
DA:6,1
DA:9,1
DA:10,1
DA:13,1
DA:14,2
DA:15,6
LF:9
LH:9
end_of_record
